Start testing: Dec 03 17:12 PST
----------------------------------------------------------
1/1 Testing: MapTests
1/1 Test: MapTests
Command: "/Users/belluciwz/Desktop/PacAvanture/build/test_map"
Directory: /Users/belluciwz/Desktop/PacAvanture/build
"MapTests" start time: Dec 03 17:12 PST
Output:
----------------------------------------------------------
✓ initial state
✓ initialize
✓ coin logic
All map tests passed!
<end of output>
Test time =   1.55 sec
----------------------------------------------------------
Test Passed.
"MapTests" end time: Dec 03 17:12 PST
"MapTests" time elapsed: 00:00:01
----------------------------------------------------------

End testing: Dec 03 17:12 PST
